(module
  (type (;0;) (func (param i32 i32) (result i32)))
  (type (;1;) (func (param i32)))
  (import "env" "printf" (func (;0;) (type 0)))
  (func (;1;) (type 1) (param i32)
    (local i32 i32)
    global.get 0
    i32.const 32
    i32.sub
    local.tee 1
    global.set 0
    local.get 1
    local.get 0
    i32.load
    local.tee 2
    i32.store offset=16
    i32.const 1072
    i32.const 1024
    i32.const 1261
    local.get 2
    i32.const 20
    i32.lt_s
    select
    local.get 2
    i32.const 30
    i32.gt_s
    select
    local.get 1
    i32.const 16
    i32.add
    call 0
    drop
    local.get 1
    local.get 0
    i32.load offset=4
    local.tee 0
    i32.store
    i32.const 1172
    i32.const 1121
    i32.const 1223
    local.get 0
    i32.const 40
    i32.lt_s
    select
    local.get 0
    i32.const 60
    i32.gt_s
    select
    local.get 1
    call 0
    drop
    local.get 1
    i32.const 32
    i32.add
    global.set 0
  )
  (memory (;0;) 1)
  (global (;0;) (mut i32) i32.const 9504)
  (global (;1;) i32 i32.const 1302)
  (global (;2;) i32 i32.const 9504)
  (export "memory" (memory 0))
  (export "process_sensor_values" (func 1))
  (export "__data_end" (global 1))
  (export "__heap_base" (global 2))
  (data (;0;) (i32.const 1024) "Temperature is too low with %d. Heat the room.\0a\00Temperature is too high with %d. Cool the room.\0a\00Humidity is too low with %d. Moisturize the room.\0a\00Humidity is too high with %d. Ventilate the room.\0a\00Humidity is at a good value with %d.\0a\00Temperature is at a good value with %d.\0a\00")
)
